Using pre-set license
Built from '2021.1/staging' branch; Version is '2021.1.18f1 (25bdc3efbc2d) revision 2473411'; Using compiler version '192528614'; Build Type 'Release'
OS: 'Windows 10 Pro; OS build 19043.1526; Version 2009; 64bit' Language: 'en' Physical Memory: 32559 MB
BatchMode: 1, IsHumanControllingUs: 0, StartBugReporterOnCrash: 0, Is64bit: 1, IsPro: 0

COMMAND LINE ARGUMENTS:
C:\Program Files\Unity\Editor\Unity.exe
-adb2
-batchMode
-noUpm
-name
AssetImportWorker0
-projectPath
D:/Unity/Yumon-SI
-logFile
Logs/AssetImportWorker0.log
-srvPort
49533
Successfully changed project path to: D:/Unity/Yumon-SI
D:/Unity/Yumon-SI
Using Asset Import Pipeline V2.
Refreshing native plugins compatible for Editor in 98.97 ms, found 3 plugins.
Preloading 0 native plugins for Editor in 0.00 ms.
Initialize engine version: 2021.1.18f1 (25bdc3efbc2d)
[Subsystems] Discovering subsystems at path C:/Program Files/Unity/Editor/Data/Resources/UnitySubsystems
[Subsystems] Discovering subsystems at path D:/Unity/Yumon-SI/Assets
GfxDevice: creating device client; threaded=0; jobified=0
Direct3D:
    Version:  Direct3D 11.0 [level 11.1]
    Renderer: NVIDIA GeForce RTX 2080 SUPER (ID=0x1e81)
    Vendor:   NVIDIA
    VRAM:     8010 MB
    Driver:   30.0.14.7247
Initialize mono
Mono path[0] = 'C:/Program Files/Unity/Editor/Data/Managed'
Mono path[1] = 'C:/Program Files/Unity/Editor/Data/MonoBleedingEdge/lib/mono/unityjit'
Mono config path = 'C:/Program Files/Unity/Editor/Data/MonoBleedingEdge/etc'
Using monoOptions --debugger-agent=transport=dt_socket,embedding=1,server=y,suspend=n,address=127.0.0.1:56036
Begin MonoManager ReloadAssembly
Registering precompiled unity dll's ...
Register platform support module: C:/Program Files/Unity/Editor/Data/PlaybackEngines/WindowsStandaloneSupport/UnityEditor.WindowsStandalone.Extensions.dll
Registered in 0.001340 seconds.
Native extension for WindowsStandalone target not found
Refreshing native plugins compatible for Editor in 110.56 ms, found 3 plugins.
Preloading 0 native plugins for Editor in 0.00 ms.
Mono: successfully reloaded assembly
- Completed reload, in  1.256 seconds
Domain Reload Profiling:
	ReloadAssembly (1256ms)
		BeginReloadAssembly (55ms)
			ExecutionOrderSort (0ms)
			DisableScriptedObjects (0ms)
			BackupInstance (0ms)
			ReleaseScriptingObjects (0ms)
			CreateAndSetChildDomain (1ms)
		EndReloadAssembly (504ms)
			LoadAssemblies (53ms)
			RebuildTransferFunctionScriptingTraits (0ms)
			SetupTypeCache (156ms)
			ReleaseScriptCaches (0ms)
			RebuildScriptCaches (47ms)
			SetupLoadedEditorAssemblies (259ms)
				LogAssemblyErrors (0ms)
				InitializePlatformSupportModulesInManaged (5ms)
				SetLoadedEditorAssemblies (0ms)
				RefreshPlugins (111ms)
				BeforeProcessingInitializeOnLoad (1ms)
				ProcessInitializeOnLoadAttributes (114ms)
				ProcessInitializeOnLoadMethodAttributes (27ms)
				AfterProcessingInitializeOnLoad (0ms)
				EditorAssembliesLoaded (0ms)
			ExecutionOrderSort2 (0ms)
			AwakeInstancesAfterBackupRestoration (0ms)
Platform modules already initialized, skipping
Registering precompiled user dll's ...
Registered in 0.003120 seconds.
Begin MonoManager ReloadAssembly
Symbol file LoadedFromMemory doesn't match image D:\Unity\Yumon-SI\Library\PackageCache\com.unity.visualscripting@1.6.1\Editor\VisualScripting.Core\Dependencies\YamlDotNet\Unity.VisualScripting.YamlDotNet.dll
Symbol file LoadedFromMemory doesn't match image D:\Unity\Yumon-SI\Library\PackageCache\com.unity.visualscripting@1.6.1\Editor\VisualScripting.Core\Dependencies\DotNetZip\Unity.VisualScripting.IonicZip.dll
Native extension for WindowsStandalone target not found
Refreshing native plugins compatible for Editor in 110.22 ms, found 3 plugins.
Preloading 0 native plugins for Editor in 0.00 ms.
Mono: successfully reloaded assembly
- Completed reload, in  1.366 seconds
Domain Reload Profiling:
	ReloadAssembly (1366ms)
		BeginReloadAssembly (153ms)
			ExecutionOrderSort (0ms)
			DisableScriptedObjects (4ms)
			BackupInstance (0ms)
			ReleaseScriptingObjects (0ms)
			CreateAndSetChildDomain (31ms)
		EndReloadAssembly (1158ms)
			LoadAssemblies (84ms)
			RebuildTransferFunctionScriptingTraits (0ms)
			SetupTypeCache (364ms)
			ReleaseScriptCaches (1ms)
			RebuildScriptCaches (54ms)
			SetupLoadedEditorAssemblies (567ms)
				LogAssemblyErrors (0ms)
				InitializePlatformSupportModulesInManaged (4ms)
				SetLoadedEditorAssemblies (0ms)
				RefreshPlugins (110ms)
				BeforeProcessingInitializeOnLoad (91ms)
				ProcessInitializeOnLoadAttributes (352ms)
				ProcessInitializeOnLoadMethodAttributes (5ms)
				AfterProcessingInitializeOnLoad (4ms)
				EditorAssembliesLoaded (0ms)
			ExecutionOrderSort2 (0ms)
			AwakeInstancesAfterBackupRestoration (6ms)
Platform modules already initialized, skipping
========================================================================
Worker process is ready to serve import requests
Launched and connected shader compiler UnityShaderCompiler.exe after 0.11 seconds
Refreshing native plugins compatible for Editor in 1.20 ms, found 3 plugins.
Preloading 0 native plugins for Editor in 0.00 ms.
Unloading 4550 Unused Serialized files (Serialized files now loaded: 0)
System memory in use before: 172.7 MB.
System memory in use after: 172.9 MB.

Unloading 24 unused Assets to reduce memory usage. Loaded Objects now: 4997.
Total: 7.175800 ms (FindLiveObjects: 0.542100 ms CreateObjectMapping: 0.419200 ms MarkObjects: 6.128700 ms  DeleteObjects: 0.083800 ms)

AssetImportParameters requested are different than current active one (requested -> active):
  custom:framework-win-MediaFoundation: 216162199b28c13a410421893ffa2e32 -> 
  custom:video-decoder-ogg-theora: a1e56fd34408186e4bbccfd4996cb3dc -> 
  custom:container-muxer-webm: aa71ff27fc2769a1b78a27578f13a17b -> 
  custom:container-demuxer-webm: 4f35f7cbe854078d1ac9338744f61a02 -> 
  custom:container-demuxer-ogg: 62fdf1f143b41e24485cea50d1cbac27 -> 
  custom:video-encoder-webm-vp8: eb34c28f22e8b96e1ab97ce403110664 -> 
  custom:video-decoder-webm-vp8: 9c59270c3fd7afecdb556c50c9e8de78 -> 
  custom:audio-decoder-ogg-vorbis: bf7c407c2cedff20999df2af8eb42d56 -> 
  custom:audio-encoder-webm-vorbis: bf7c407c2cedff20999df2af8eb42d56 -> 
========================================================================
Received Import Request.
  path: Assets/Scripts/DropStarz.cs
  artifactKey: Guid(7c98ff002fdfc8b4c83f4aecf3d72027) Importer(815301076,1909f56bfc062723c751e8b465ee728b)
Start importing Assets/Scripts/DropStarz.cs using Guid(7c98ff002fdfc8b4c83f4aecf3d72027) Importer(815301076,1909f56bfc062723c751e8b465ee728b)  -> (artifact id: '26b6b17706939175472de34ba387fab5') in 0.071536 seconds 
========================================================================
Received Import Request.
  Time since last request: 66.097465 seconds.
  path: Assets/Scripts/Card/CarDataManager.cs
  artifactKey: Guid(e534c57b43b80824e82da3f5750b2df5) Importer(815301076,1909f56bfc062723c751e8b465ee728b)
Start importing Assets/Scripts/Card/CarDataManager.cs using Guid(e534c57b43b80824e82da3f5750b2df5) Importer(815301076,1909f56bfc062723c751e8b465ee728b)  -> (artifact id: '352be93efd9417719bdd019c98c1e66c') in 0.010432 seconds 
========================================================================
Received Prepare
Registering precompiled user dll's ...
Registered in 0.003088 seconds.
Begin MonoManager ReloadAssembly
Symbol file LoadedFromMemory doesn't match image D:\Unity\Yumon-SI\Library\PackageCache\com.unity.visualscripting@1.6.1\Editor\VisualScripting.Core\Dependencies\YamlDotNet\Unity.VisualScripting.YamlDotNet.dll
Symbol file LoadedFromMemory doesn't match image D:\Unity\Yumon-SI\Library\PackageCache\com.unity.visualscripting@1.6.1\Editor\VisualScripting.Core\Dependencies\DotNetZip\Unity.VisualScripting.IonicZip.dll
Native extension for WindowsStandalone target not found
Refreshing native plugins compatible for Editor in 1.02 ms, found 3 plugins.
Preloading 0 native plugins for Editor in 0.00 ms.
Mono: successfully reloaded assembly
- Completed reload, in  1.151 seconds
Domain Reload Profiling:
	ReloadAssembly (1152ms)
		BeginReloadAssembly (152ms)
			ExecutionOrderSort (0ms)
			DisableScriptedObjects (4ms)
			BackupInstance (0ms)
			ReleaseScriptingObjects (0ms)
			CreateAndSetChildDomain (66ms)
		EndReloadAssembly (945ms)
			LoadAssemblies (87ms)
			RebuildTransferFunctionScriptingTraits (0ms)
			SetupTypeCache (349ms)
			ReleaseScriptCaches (2ms)
			RebuildScriptCaches (39ms)
			SetupLoadedEditorAssemblies (372ms)
				LogAssemblyErrors (0ms)
				InitializePlatformSupportModulesInManaged (4ms)
				SetLoadedEditorAssemblies (0ms)
				RefreshPlugins (1ms)
				BeforeProcessingInitializeOnLoad (59ms)
				ProcessInitializeOnLoadAttributes (298ms)
				ProcessInitializeOnLoadMethodAttributes (4ms)
				AfterProcessingInitializeOnLoad (5ms)
				EditorAssembliesLoaded (0ms)
			ExecutionOrderSort2 (0ms)
			AwakeInstancesAfterBackupRestoration (9ms)
Platform modules already initialized, skipping
Refreshing native plugins compatible for Editor in 1.00 ms, found 3 plugins.
Preloading 0 native plugins for Editor in 0.00 ms.
Unloading 4485 Unused Serialized files (Serialized files now loaded: 0)
System memory in use before: 167.2 MB.
System memory in use after: 167.5 MB.

Unloading 17 unused Assets to reduce memory usage. Loaded Objects now: 4999.
Total: 7.723600 ms (FindLiveObjects: 0.515500 ms CreateObjectMapping: 0.311100 ms MarkObjects: 6.868100 ms  DeleteObjects: 0.027400 ms)

AssetImportParameters requested are different than current active one (requested -> active):
  custom:framework-win-MediaFoundation: 216162199b28c13a410421893ffa2e32 -> 
  custom:video-decoder-ogg-theora: a1e56fd34408186e4bbccfd4996cb3dc -> 
  custom:container-muxer-webm: aa71ff27fc2769a1b78a27578f13a17b -> 
  custom:container-demuxer-webm: 4f35f7cbe854078d1ac9338744f61a02 -> 
  custom:container-demuxer-ogg: 62fdf1f143b41e24485cea50d1cbac27 -> 
  custom:video-encoder-webm-vp8: eb34c28f22e8b96e1ab97ce403110664 -> 
  custom:video-decoder-webm-vp8: 9c59270c3fd7afecdb556c50c9e8de78 -> 
  custom:audio-decoder-ogg-vorbis: bf7c407c2cedff20999df2af8eb42d56 -> 
  custom:audio-encoder-webm-vorbis: bf7c407c2cedff20999df2af8eb42d56 -> 
========================================================================
Received Import Request.
  Time since last request: 259.217520 seconds.
  path: Assets/Ressources/Prefab/Starz/Hand.prefab
  artifactKey: Guid(1f5d57b12518707488e0a846ac8f596e) Importer(815301076,1909f56bfc062723c751e8b465ee728b)
Start importing Assets/Ressources/Prefab/Starz/Hand.prefab using Guid(1f5d57b12518707488e0a846ac8f596e) Importer(815301076,1909f56bfc062723c751e8b465ee728b)  -> (artifact id: 'cff59be29f7c8587b36bce7d26c4b9da') in 0.060392 seconds 
========================================================================
Received Import Request.
  Time since last request: 0.632830 seconds.
  path: Assets/Ressources/Prefab/Starz/Starz.prefab
  artifactKey: Guid(4028ed01b9813014b98474846a6aa493) Importer(815301076,1909f56bfc062723c751e8b465ee728b)
Start importing Assets/Ressources/Prefab/Starz/Starz.prefab using Guid(4028ed01b9813014b98474846a6aa493) Importer(815301076,1909f56bfc062723c751e8b465ee728b)  -> (artifact id: '5e525722c66d4ee4b31249f8fd035e46') in 0.200650 seconds 
========================================================================
Received Import Request.
  Time since last request: 18.952381 seconds.
  path: Assets/Scriptables/AssetReferencement/AssetReferencement.asset
  artifactKey: Guid(b1fc1bc0c07dc464795ddfef67f21762) Importer(815301076,1909f56bfc062723c751e8b465ee728b)
Start importing Assets/Scriptables/AssetReferencement/AssetReferencement.asset using Guid(b1fc1bc0c07dc464795ddfef67f21762) Importer(815301076,1909f56bfc062723c751e8b465ee728b)  -> (artifact id: '74e871f9152356d064804a7db0674714') in 0.011986 seconds 
========================================================================
Received Import Request.
  Time since last request: 9.131270 seconds.
  path: Assets/Scriptables/AssetReferencement/AssetReferencement.asset
  artifactKey: Guid(b1fc1bc0c07dc464795ddfef67f21762) Importer(815301076,1909f56bfc062723c751e8b465ee728b)
Start importing Assets/Scriptables/AssetReferencement/AssetReferencement.asset using Guid(b1fc1bc0c07dc464795ddfef67f21762) Importer(815301076,1909f56bfc062723c751e8b465ee728b)  -> (artifact id: '9df4abd1314d1908d71007f75c2d5dc9') in 0.004756 seconds 
========================================================================
Received Import Request.
  Time since last request: 14.564745 seconds.
  path: Assets/Scenes/Battle_Guillaume.unity
  artifactKey: Guid(b51de148a5c61fc47aff93ae472a47fb) Importer(815301076,1909f56bfc062723c751e8b465ee728b)
Start importing Assets/Scenes/Battle_Guillaume.unity using Guid(b51de148a5c61fc47aff93ae472a47fb) Importer(815301076,1909f56bfc062723c751e8b465ee728b)  -> (artifact id: '539733fbddd871b36d90cb699aa99aac') in 0.010955 seconds 
========================================================================
Received Import Request.
  Time since last request: 40.821732 seconds.
  path: Assets/Ressources/Prefab/Pillar/Slot - Ally.prefab
  artifactKey: Guid(f189e99c610bd3a40b519487d364d6a1) Importer(815301076,1909f56bfc062723c751e8b465ee728b)
Start importing Assets/Ressources/Prefab/Pillar/Slot - Ally.prefab using Guid(f189e99c610bd3a40b519487d364d6a1) Importer(815301076,1909f56bfc062723c751e8b465ee728b)  -> (artifact id: '2c5e1b80c3505f6be5cf929c4e790559') in 0.034071 seconds 
========================================================================
Received Import Request.
  Time since last request: 0.619761 seconds.
  path: Assets/Ressources/Prefab/Pillar/Slot - Enemy.prefab
  artifactKey: Guid(52dbff0457765144284a6c4378869a74) Importer(815301076,1909f56bfc062723c751e8b465ee728b)
Start importing Assets/Ressources/Prefab/Pillar/Slot - Enemy.prefab using Guid(52dbff0457765144284a6c4378869a74) Importer(815301076,1909f56bfc062723c751e8b465ee728b)  -> (artifact id: 'ea046b7f6eda17a5a63c1f63d0db3953') in 0.018735 seconds 
